<!DOCTYPE html PUBLIC "-//W3C//DTD XHTML 1.1//EN" "http://www.w3.org/TR/xhtml11/DTD/xhtml11.dtd">
<html xmlns="http://www.w3.org/1999/xhtml"><head><title>TestNG Report</title><style type="text/css">table {margin-bottom:10px;border-collapse:collapse;empty-cells:show}th,td {border:1px solid #009;padding:.25em .5em}th {vertical-align:bottom}td {vertical-align:top}table a {font-weight:bold}.stripe td {background-color: #E6EBF9}.num {text-align:right}.passedodd td {background-color: #3F3}.passedeven td {background-color: #0A0}.skippedodd td {background-color: #DDD}.skippedeven td {background-color: #CCC}.failedodd td,.attn {background-color: #F33}.failedeven td,.stripe .attn {background-color: #D00}.stacktrace {white-space:pre;font-family:monospace}.totop {font-size:85%;text-align:center;border-bottom:2px solid #000}</style></head><body><table><tr><th>Test</th><th># Passed</th><th># Skipped</th><th># Failed</th><th>Time (ms)</th><th>Included Groups</th><th>Excluded Groups</th></tr><tr><th colspan="7">Suite</th></tr><tr><td><a href="#t0">Test</a></td><td class="num">2</td><td class="num">0</td><td class="num attn">1</td><td class="num">30,893</td><td></td><td></td></tr><tr class="stripe"><td><a href="#t1">Failedtests</a></td><td class="num">0</td><td class="num">0</td><td class="num">0</td><td class="num">48</td><td></td><td></td></tr><tr><th>Total</th><th class="num">2</th><th class="num">0</th><th class="num attn">1</th><th class="num">30,941</th><th colspan="2"></th></tr></table><table><thead><tr><th>Class</th><th>Method</th><th>Start</th><th>Time (ms)</th></tr></thead><tbody><tr><th colspan="4">Suite</th></tr></tbody><tbody id="t0"><tr><th colspan="4">Test &#8212; failed</th></tr><tr class="failedeven"><td rowspan="1">cucumberOptions.TestngRunner</td><td><a href="#m0">runScenario</a></td><td rowspan="1">1672233792912</td><td rowspan="1">27488</td></tr><tr><th colspan="4">Test &#8212; passed</th></tr><tr class="passedeven"><td rowspan="2">cucumberOptions.TestngRunner</td><td><a href="#m1">runScenario</a></td><td rowspan="2">1672233792911</td><td rowspan="2">28553</td></tr><tr class="passedeven"><td><a href="#m2">runScenario</a></td></tr></tbody><tbody id="t1"><tr><th colspan="4">Failedtests &#8212; failed (configuration methods)</th></tr><tr class="failedeven"><td rowspan="1">cucumberOptions.FailedTestsRunner</td><td><a href="#m3">setUpClass</a></td><td rowspan="1">1672233822214</td><td rowspan="1">0</td></tr></tbody></table><h2>Test</h2><h3 id="m0">cucumberOptions.TestngRunner#runScenario</h3><table class="result"><tr class="param"><th>Parameter #1</th><th>Parameter #2</th></tr><tr class="param stripe"><td>&quot;Search for a product with shortname and verify the product displayed&quot;</td><td>&quot;Search for product is Ecoomerce website&quot;</td></tr><tr><th colspan="2">Exception</th></tr><tr><td colspan="2"><div class="stacktrace">java.lang.AssertionError: expected [No data] but found [Beetroot]
	at stepDefinitions.TopDealsStepDefintions.verify_both_item_displayed_in_homepage_and_topdeals_are_same(TopDealsStepDefintions.java:39)
	at ?.verify both item displayed in homepage and topdeals are same(file:///C:/Java%20program/RahulshettyCucumberproject2/src/test/java/features/searchProduct.feature:9)
... Removed 6 stack frames</div></td></tr></table><p class="totop"><a href="#summary">back to summary</a></p><h3 id="m1">cucumberOptions.TestngRunner#runScenario</h3><table class="result"><tr class="param"><th>Parameter #1</th><th>Parameter #2</th></tr><tr class="param stripe"><td>&quot;login to website and verify if the product added to cart is matched&quot;</td><td>&quot;login to webisite and verify if the product added to cart&quot;</td></tr></table><p class="totop"><a href="#summary">back to summary</a></p><h3 id="m2">cucumberOptions.TestngRunner#runScenario</h3><table class="result"><tr class="param"><th>Parameter #1</th><th>Parameter #2</th></tr><tr class="param stripe"><td>&quot;Search for a product with shortname and verify the product displayed&quot;</td><td>&quot;Search for product is Ecoomerce website&quot;</td></tr></table><p class="totop"><a href="#summary">back to summary</a></p><h2>Failedtests</h2><h3 id="m3">cucumberOptions.FailedTestsRunner#setUpClass</h3><table class="result"><tr class="param"><th>Parameter #1</th></tr><tr class="param stripe"><td>org.testng.TestRunner@ed3068a</td></tr><tr><th>Exception</th></tr><tr><td><div class="stacktrace">io.cucumber.core.exception.CucumberException: Failed to parse &apos;target\failed-scenarios.txt&apos;
	at io.cucumber.core.options.OptionsFileParser.parseFeatureWithLinesFile(OptionsFileParser.java:35)
	at io.cucumber.core.options.CucumberOptionsAnnotationParser.addFeatures(CucumberOptionsAnnotationParser.java:136)
	at io.cucumber.core.options.CucumberOptionsAnnotationParser.parse(CucumberOptionsAnnotationParser.java:46)
	at io.cucumber.testng.TestNGCucumberRunner.&lt;init&gt;(TestNGCucumberRunner.java:85)
	at io.cucumber.testng.AbstractTestNGCucumberTests.setUpClass(AbstractTestNGCucumberTests.java:27)
Caused by: java.nio.file.NoSuchFileException: target\failed-scenarios.txt
	at sun.nio.fs.WindowsException.translateToIOException(WindowsException.java:79)
	at sun.nio.fs.WindowsException.rethrowAsIOException(WindowsException.java:97)
	at sun.nio.fs.WindowsException.rethrowAsIOException(WindowsException.java:102)
	at sun.nio.fs.WindowsFileSystemProvider.newByteChannel(WindowsFileSystemProvider.java:230)
	at java.nio.file.Files.newByteChannel(Files.java:361)
	at java.nio.file.Files.newByteChannel(Files.java:407)
	at java.nio.file.spi.FileSystemProvider.newInputStream(FileSystemProvider.java:384)
	at java.nio.file.Files.newInputStream(Files.java:152)
	at java.nio.file.Files.newBufferedReader(Files.java:2784)
	at java.nio.file.Files.readAllLines(Files.java:3202)
	at java.nio.file.Files.readAllLines(Files.java:3242)
	at io.cucumber.core.options.OptionsFileParser.parseFeatureWithLinesFile(OptionsFileParser.java:27)
	... 28 more
... Removed 24 stack frames</div></td></tr></table><p class="totop"><a href="#summary">back to summary</a></p></body></html>