<?xml version="1.0" encoding="UTF-8"?>
<testng-results skipped="0" failed="1" total="3" passed="2">
  <reporter-output>
  </reporter-output>
  <suite name="Suite" duration-ms="30989" started-at="2022-12-28T13:23:11Z" finished-at="2022-12-28T13:23:42Z">
    <groups>
      <group name="cucumber">
        <method signature="AbstractTestNGCucumberTests.runScenario(io.cucumber.testng.PickleWrapper, io.cucumber.testng.FeatureWrapper)[pri:0, instance:cucumberOptions.TestngRunner@3c756e4d]" name="runScenario" class="io.cucumber.testng.AbstractTestNGCucumberTests"/>
        <method signature="AbstractTestNGCucumberTests.runScenario(io.cucumber.testng.PickleWrapper, io.cucumber.testng.FeatureWrapper)[pri:0, instance:cucumberOptions.FailedTestsRunner@7f9a81e8]" name="runScenario" class="io.cucumber.testng.AbstractTestNGCucumberTests"/>
      </group> <!-- cucumber -->
    </groups>
    <test name="Test" duration-ms="30893" started-at="2022-12-28T13:23:11Z" finished-at="2022-12-28T13:23:42Z">
      <class name="cucumberOptions.TestngRunner">
        <test-method status="PASS" signature="setUpClass(org.testng.ITestContext)[pri:0, instance:cucumberOptions.TestngRunner@3c756e4d]" name="setUpClass" is-config="true" duration-ms="1616" started-at="2022-12-28T18:53:11Z" finished-at="2022-12-28T18:53:12Z">
          <params>
            <param index="0">
              <value>
                <![CDATA[org.testng.TestRunner@13e3c1c7]]>
              </value>
            </param>
          </params>
          <reporter-output>
          </reporter-output>
        </test-method> <!-- setUpClass -->
        <test-method status="PASS" signature="runScenario(io.cucumber.testng.PickleWrapper, io.cucumber.testng.FeatureWrapper)[pri:0, instance:cucumberOptions.TestngRunner@3c756e4d]" name="runScenario" duration-ms="28553" started-at="2022-12-28T18:53:12Z" description="Runs Cucumber Scenarios" data-provider="scenarios" finished-at="2022-12-28T18:53:41Z">
          <params>
            <param index="0">
              <value>
                <![CDATA["login to website and verify if the product added to cart is matched"]]>
              </value>
            </param>
            <param index="1">
              <value>
                <![CDATA["login to webisite and verify if the product added to cart"]]>
              </value>
            </param>
          </params>
          <reporter-output>
          </reporter-output>
        </test-method> <!-- runScenario -->
        <test-method status="PASS" signature="runScenario(io.cucumber.testng.PickleWrapper, io.cucumber.testng.FeatureWrapper)[pri:0, instance:cucumberOptions.TestngRunner@3c756e4d]" name="runScenario" duration-ms="27551" started-at="2022-12-28T18:53:12Z" description="Runs Cucumber Scenarios" data-provider="scenarios" finished-at="2022-12-28T18:53:40Z">
          <params>
            <param index="0">
              <value>
                <![CDATA["Search for a product with shortname and verify the product displayed"]]>
              </value>
            </param>
            <param index="1">
              <value>
                <![CDATA["Search for product is Ecoomerce website"]]>
              </value>
            </param>
          </params>
          <reporter-output>
          </reporter-output>
        </test-method> <!-- runScenario -->
        <test-method status="FAIL" signature="runScenario(io.cucumber.testng.PickleWrapper, io.cucumber.testng.FeatureWrapper)[pri:0, instance:cucumberOptions.TestngRunner@3c756e4d]" name="runScenario" duration-ms="27488" started-at="2022-12-28T18:53:12Z" description="Runs Cucumber Scenarios" data-provider="scenarios" finished-at="2022-12-28T18:53:40Z">
          <params>
            <param index="0">
              <value>
                <![CDATA["Search for a product with shortname and verify the product displayed"]]>
              </value>
            </param>
            <param index="1">
              <value>
                <![CDATA["Search for product is Ecoomerce website"]]>
              </value>
            </param>
          </params>
          <exception class="java.lang.AssertionError">
            <message>
              <![CDATA[expected [No data] but found [Beetroot]]]>
            </message>
            <full-stacktrace>
              <![CDATA[java.lang.AssertionError: expected [No data] but found [Beetroot]
	at org.testng.Assert.fail(Assert.java:94)
	at org.testng.Assert.failNotEquals(Assert.java:513)
	at org.testng.Assert.assertEqualsImpl(Assert.java:135)
	at org.testng.Assert.assertEquals(Assert.java:116)
	at org.testng.Assert.assertEquals(Assert.java:190)
	at org.testng.Assert.assertEquals(Assert.java:200)
	at stepDefinitions.TopDealsStepDefintions.verify_both_item_displayed_in_homepage_and_topdeals_are_same(TopDealsStepDefintions.java:39)
	at âœ½.verify both item displayed in homepage and topdeals are same(file:///C:/Java%20program/RahulshettyCucumberproject2/src/test/java/features/searchProduct.feature:9)
]]>
            </full-stacktrace>
          </exception> <!-- java.lang.AssertionError -->
          <reporter-output>
          </reporter-output>
        </test-method> <!-- runScenario -->
        <test-method status="PASS" signature="tearDownClass()[pri:0, instance:cucumberOptions.TestngRunner@3c756e4d]" name="tearDownClass" is-config="true" duration-ms="694" started-at="2022-12-28T18:53:41Z" finished-at="2022-12-28T18:53:42Z">
          <reporter-output>
          </reporter-output>
        </test-method> <!-- tearDownClass -->
      </class> <!-- cucumberOptions.TestngRunner -->
    </test> <!-- Test -->
    <test name="Failedtests" duration-ms="48" started-at="2022-12-28T13:23:42Z" finished-at="2022-12-28T13:23:42Z">
      <class name="cucumberOptions.FailedTestsRunner">
        <test-method status="FAIL" signature="setUpClass(org.testng.ITestContext)[pri:0, instance:cucumberOptions.FailedTestsRunner@7f9a81e8]" name="setUpClass" is-config="true" duration-ms="0" started-at="2022-12-28T18:53:42Z" finished-at="2022-12-28T18:53:42Z">
          <params>
            <param index="0">
              <value>
                <![CDATA[org.testng.TestRunner@ed3068a]]>
              </value>
            </param>
          </params>
          <exception class="io.cucumber.core.exception.CucumberException">
            <message>
              <![CDATA[Failed to parse 'target\failed-scenarios.txt']]>
            </message>
            <full-stacktrace>
              <![CDATA[io.cucumber.core.exception.CucumberException: Failed to parse 'target\failed-scenarios.txt'
	at io.cucumber.core.options.OptionsFileParser.parseFeatureWithLinesFile(OptionsFileParser.java:35)
	at io.cucumber.core.options.CucumberOptionsAnnotationParser.addFeatures(CucumberOptionsAnnotationParser.java:136)
	at io.cucumber.core.options.CucumberOptionsAnnotationParser.parse(CucumberOptionsAnnotationParser.java:46)
	at io.cucumber.testng.TestNGCucumberRunner.<init>(TestNGCucumberRunner.java:85)
	at io.cucumber.testng.AbstractTestNGCucumberTests.setUpClass(AbstractTestNGCucumberTests.java:27)
	at sun.reflect.NativeMethodAccessorImpl.invoke0(Native Method)
	at sun.reflect.NativeMethodAccessorImpl.invoke(NativeMethodAccessorImpl.java:62)
	at sun.reflect.DelegatingMethodAccessorImpl.invoke(DelegatingMethodAccessorImpl.java:43)
	at java.lang.reflect.Method.invoke(Method.java:498)
	at org.testng.internal.MethodInvocationHelper.invokeMethod(MethodInvocationHelper.java:86)
	at org.testng.internal.Invoker.invokeConfigurationMethod(Invoker.java:514)
	at org.testng.internal.Invoker.invokeConfigurations(Invoker.java:215)
	at org.testng.internal.Invoker.invokeConfigurations(Invoker.java:142)
	at org.testng.internal.TestMethodWorker.invokeBeforeClassMethods(TestMethodWorker.java:178)
	at org.testng.internal.TestMethodWorker.run(TestMethodWorker.java:108)
	at org.testng.TestRunner.privateRun(TestRunner.java:782)
	at org.testng.TestRunner.run(TestRunner.java:632)
	at org.testng.SuiteRunner.runTest(SuiteRunner.java:366)
	at org.testng.SuiteRunner.runSequentially(SuiteRunner.java:361)
	at org.testng.SuiteRunner.privateRun(SuiteRunner.java:319)
	at org.testng.SuiteRunner.run(SuiteRunner.java:268)
	at org.testng.SuiteRunnerWorker.runSuite(SuiteRunnerWorker.java:52)
	at org.testng.SuiteRunnerWorker.run(SuiteRunnerWorker.java:86)
	at org.testng.TestNG.runSuitesSequentially(TestNG.java:1244)
	at org.testng.TestNG.runSuitesLocally(TestNG.java:1169)
	at org.testng.TestNG.run(TestNG.java:1064)
	at org.testng.remote.RemoteTestNG.run(RemoteTestNG.java:113)
	at org.testng.remote.RemoteTestNG.initAndRun(RemoteTestNG.java:206)
	at org.testng.remote.RemoteTestNG.main(RemoteTestNG.java:177)
Caused by: java.nio.file.NoSuchFileException: target\failed-scenarios.txt
	at sun.nio.fs.WindowsException.translateToIOException(WindowsException.java:79)
	at sun.nio.fs.WindowsException.rethrowAsIOException(WindowsException.java:97)
	at sun.nio.fs.WindowsException.rethrowAsIOException(WindowsException.java:102)
	at sun.nio.fs.WindowsFileSystemProvider.newByteChannel(WindowsFileSystemProvider.java:230)
	at java.nio.file.Files.newByteChannel(Files.java:361)
	at java.nio.file.Files.newByteChannel(Files.java:407)
	at java.nio.file.spi.FileSystemProvider.newInputStream(FileSystemProvider.java:384)
	at java.nio.file.Files.newInputStream(Files.java:152)
	at java.nio.file.Files.newBufferedReader(Files.java:2784)
	at java.nio.file.Files.readAllLines(Files.java:3202)
	at java.nio.file.Files.readAllLines(Files.java:3242)
	at io.cucumber.core.options.OptionsFileParser.parseFeatureWithLinesFile(OptionsFileParser.java:27)
	... 28 more
]]>
            </full-stacktrace>
          </exception> <!-- io.cucumber.core.exception.CucumberException -->
          <reporter-output>
          </reporter-output>
        </test-method> <!-- setUpClass -->
        <test-method status="PASS" signature="tearDownClass()[pri:0, instance:cucumberOptions.FailedTestsRunner@7f9a81e8]" name="tearDownClass" is-config="true" duration-ms="0" started-at="2022-12-28T18:53:42Z" finished-at="2022-12-28T18:53:42Z">
          <reporter-output>
          </reporter-output>
        </test-method> <!-- tearDownClass -->
      </class> <!-- cucumberOptions.FailedTestsRunner -->
    </test> <!-- Failedtests -->
  </suite> <!-- Suite -->
</testng-results>
